{ "Type" : "Initialize", "Data" : "{ \"Timescale\" : 1.000000 }" }
{ "Type" : "TaskSwitch", "Data" : "{ \"Tick\" : 0, \"IN\" : \"Tmr Svc\" }" }
{ "Type" : "TaskSwitch", "Data" : "{ \"Tick\" : 0, \"OUT\" : \"Tmr Svc\", \"IN\" : \"A\" }" }
{ "Type" : "TaskSwitch", "Data" : "{ \"Tick\" : 0, \"OUT\" : \"A\", \"IN\" : \"B\" }" }
{ "Type" : "TaskSwitch", "Data" : "{ \"Tick\" : 99, \"OUT\" : \"B\", \"IN\" : \"A\" }" }
{ "Type" : "TaskSwitch", "Data" : "{ \"Tick\" : 99, \"OUT\" : \"A\", \"IN\" : \"C\" }" }
{ "Type" : "TaskSwitch", "Data" : "{ \"Tick\" : 199, \"OUT\" : \"C\", \"IN\" : \"A\" }" }
{ "Type" : "TaskSwitch", "Data" : "{ \"Tick\" : 199, \"OUT\" : \"A\", \"IN\" : \"B\" }" }
{ "Type" : "TaskSwitch", "Data" : "{ \"Tick\" : 299, \"OUT\" : \"B\", \"IN\" : \"A\" }" }
{ "Type" : "TaskSwitch", "Data" : "{ \"Tick\" : 299, \"OUT\" : \"A\", \"IN\" : \"C\" }" }
{ "Type" : "TaskSwitch", "Data" : "{ \"Tick\" : 399, \"OUT\" : \"C\", \"IN\" : \"A\" }" }
{ "Type" : "TaskSwitch", "Data" : "{ \"Tick\" : 399, \"OUT\" : \"A\", \"IN\" : \"B\" }" }
{ "Type" : "TaskSwitch", "Data" : "{ \"Tick\" : 499, \"OUT\" : \"B\", \"IN\" : \"A\" }" }
{ "Type" : "TaskSwitch", "Data" : "{ \"Tick\" : 499, \"OUT\" : \"A\", \"IN\" : \"C\" }" }
{ "Type" : "TaskSwitch", "Data" : "{ \"Tick\" : 599, \"OUT\" : \"C\", \"IN\" : \"A\" }" }
{ "Type" : "TaskSwitch", "Data" : "{ \"Tick\" : 599, \"OUT\" : \"A\", \"IN\" : \"B\" }" }
{ "Type" : "TaskSwitch", "Data" : "{ \"Tick\" : 699, \"OUT\" : \"B\", \"IN\" : \"A\" }" }
{ "Type" : "TaskSwitch", "Data" : "{ \"Tick\" : 699, \"OUT\" : \"A\", \"IN\" : \"C\" }" }
{ "Type" : "TaskSwitch", "Data" : "{ \"Tick\" : 799, \"OUT\" : \"C\", \"IN\" : \"A\" }" }
{ "Type" : "TaskSwitch", "Data" : "{ \"Tick\" : 799, \"OUT\" : \"A\", \"IN\" : \"B\" }" }
{ "Type" : "TaskSwitch", "Data" : "{ \"Tick\" : 899, \"OUT\" : \"B\", \"IN\" : \"A\" }" }
{ "Type" : "TaskSwitch", "Data" : "{ \"Tick\" : 899, \"OUT\" : \"A\", \"IN\" : \"C\" }" }
{ "Type" : "TaskSwitch", "Data" : "{ \"Tick\" : 999, \"OUT\" : \"C\", \"IN\" : \"A\" }" }
{ "Type" : "TaskSwitch", "Data" : "{ \"Tick\" : 999, \"OUT\" : \"A\", \"IN\" : \"B\" }" }
