{ "Type" : "Initialize", "Data" : "{ \"Timescale\" : 1.000000 }" }
{ "Type" : "TaskSwitch", "Data" : "{ \"Tick\" : 0, \"IN\" : \"Tmr Svc\" }" }
{ "Type" : "TaskSwitch", "Data" : "{ \"Tick\" : 0, \"OUT\" : \"Tmr Svc\", \"IN\" : \"A\" }" }
{ "Type" : "TaskSwitch", "Data" : "{ \"Tick\" : 0, \"OUT\" : \"A\", \"IN\" : \"B\" }" }
{ "Type" : "TaskSwitch", "Data" : "{ \"Tick\" : 0, \"OUT\" : \"B\", \"IN\" : \"A\" }" }
{ "Type" : "TaskSwitch", "Data" : "{ \"Tick\" : 2, \"OUT\" : \"A\", \"IN\" : \"B\" }" }
{ "Type" : "TaskSwitch", "Data" : "{ \"Tick\" : 4, \"OUT\" : \"B\", \"IN\" : \"A\" }" }
{ "Type" : "TaskSwitch", "Data" : "{ \"Tick\" : 6, \"OUT\" : \"A\", \"IN\" : \"B\" }" }
{ "Type" : "TaskSwitch", "Data" : "{ \"Tick\" : 9, \"OUT\" : \"B\", \"IN\" : \"A\" }" }
{ "Type" : "TaskSwitch", "Data" : "{ \"Tick\" : 11, \"OUT\" : \"A\", \"IN\" : \"B\" }" }
{ "Type" : "TaskSwitch", "Data" : "{ \"Tick\" : 13, \"OUT\" : \"B\", \"IN\" : \"A\" }" }
{ "Type" : "TaskSwitch", "Data" : "{ \"Tick\" : 15, \"OUT\" : \"A\", \"IN\" : \"B\" }" }
{ "Type" : "TaskSwitch", "Data" : "{ \"Tick\" : 18, \"OUT\" : \"B\", \"IN\" : \"A\" }" }
{ "Type" : "TaskSwitch", "Data" : "{ \"Tick\" : 20, \"OUT\" : \"A\", \"IN\" : \"B\" }" }
{ "Type" : "TaskSwitch", "Data" : "{ \"Tick\" : 23, \"OUT\" : \"B\", \"IN\" : \"A\" }" }
{ "Type" : "TaskSwitch", "Data" : "{ \"Tick\" : 25, \"OUT\" : \"A\", \"IN\" : \"B\" }" }
{ "Type" : "TaskSwitch", "Data" : "{ \"Tick\" : 27, \"OUT\" : \"B\", \"IN\" : \"A\" }" }
{ "Type" : "TaskSwitch", "Data" : "{ \"Tick\" : 29, \"OUT\" : \"A\", \"IN\" : \"B\" }" }
{ "Type" : "TaskSwitch", "Data" : "{ \"Tick\" : 31, \"OUT\" : \"B\", \"IN\" : \"A\" }" }
{ "Type" : "TaskSwitch", "Data" : "{ \"Tick\" : 33, \"OUT\" : \"A\", \"IN\" : \"B\" }" }
{ "Type" : "TaskSwitch", "Data" : "{ \"Tick\" : 36, \"OUT\" : \"B\", \"IN\" : \"A\" }" }
{ "Type" : "TaskSwitch", "Data" : "{ \"Tick\" : 41, \"OUT\" : \"A\", \"IN\" : \"B\" }" }
{ "Type" : "TaskSwitch", "Data" : "{ \"Tick\" : 44, \"OUT\" : \"B\", \"IN\" : \"A\" }" }
{ "Type" : "TaskSwitch", "Data" : "{ \"Tick\" : 47, \"OUT\" : \"A\", \"IN\" : \"B\" }" }
{ "Type" : "TaskSwitch", "Data" : "{ \"Tick\" : 49, \"OUT\" : \"B\", \"IN\" : \"A\" }" }
{ "Type" : "TaskSwitch", "Data" : "{ \"Tick\" : 53, \"OUT\" : \"A\", \"IN\" : \"B\" }" }
{ "Type" : "TaskSwitch", "Data" : "{ \"Tick\" : 56, \"OUT\" : \"B\", \"IN\" : \"A\" }" }
{ "Type" : "TaskSwitch", "Data" : "{ \"Tick\" : 58, \"OUT\" : \"A\", \"IN\" : \"B\" }" }
{ "Type" : "TaskSwitch", "Data" : "{ \"Tick\" : 60, \"OUT\" : \"B\", \"IN\" : \"A\" }" }
{ "Type" : "TaskSwitch", "Data" : "{ \"Tick\" : 62, \"OUT\" : \"A\", \"IN\" : \"B\" }" }
{ "Type" : "TaskSwitch", "Data" : "{ \"Tick\" : 64, \"OUT\" : \"B\", \"IN\" : \"A\" }" }
{ "Type" : "TaskSwitch", "Data" : "{ \"Tick\" : 66, \"OUT\" : \"A\", \"IN\" : \"B\" }" }
{ "Type" : "TaskSwitch", "Data" : "{ \"Tick\" : 69, \"OUT\" : \"B\", \"IN\" : \"A\" }" }
{ "Type" : "TaskSwitch", "Data" : "{ \"Tick\" : 73, \"OUT\" : \"A\", \"IN\" : \"B\" }" }
{ "Type" : "TaskSwitch", "Data" : "{ \"Tick\" : 76, \"OUT\" : \"B\", \"IN\" : \"A\" }" }
{ "Type" : "TaskSwitch", "Data" : "{ \"Tick\" : 78, \"OUT\" : \"A\", \"IN\" : \"B\" }" }
{ "Type" : "TaskSwitch", "Data" : "{ \"Tick\" : 80, \"OUT\" : \"B\", \"IN\" : \"A\" }" }
{ "Type" : "TaskSwitch", "Data" : "{ \"Tick\" : 83, \"OUT\" : \"A\", \"IN\" : \"B\" }" }
{ "Type" : "TaskSwitch", "Data" : "{ \"Tick\" : 85, \"OUT\" : \"B\", \"IN\" : \"A\" }" }
{ "Type" : "TaskSwitch", "Data" : "{ \"Tick\" : 87, \"OUT\" : \"A\", \"IN\" : \"B\" }" }
{ "Type" : "TaskSwitch", "Data" : "{ \"Tick\" : 89, \"OUT\" : \"B\", \"IN\" : \"A\" }" }
{ "Type" : "TaskSwitch", "Data" : "{ \"Tick\" : 91, \"OUT\" : \"A\", \"IN\" : \"B\" }" }
{ "Type" : "TaskSwitch", "Data" : "{ \"Tick\" : 93, \"OUT\" : \"B\", \"IN\" : \"A\" }" }
{ "Type" : "TaskSwitch", "Data" : "{ \"Tick\" : 95, \"OUT\" : \"A\", \"IN\" : \"B\" }" }
{ "Type" : "TaskSwitch", "Data" : "{ \"Tick\" : 97, \"OUT\" : \"B\", \"IN\" : \"A\" }" }
{ "Type" : "TaskSwitch", "Data" : "{ \"Tick\" : 100, \"OUT\" : \"A\", \"IN\" : \"B\" }" }
{ "Type" : "TaskSwitch", "Data" : "{ \"Tick\" : 104, \"OUT\" : \"B\", \"IN\" : \"A\" }" }
